<?xml version="1.0" encoding="UTF-8"?>
<robot generator="Robot 4.1.2 (Python 3.10.0 on win32)" generated="20211020 19:15:39.133" rpa="false" schemaversion="2">
<suite id="s1" name="Exercicios" source="C:\Users\carol\OneDrive\Área de Trabalho\prime hero\tests\exercicios.robot">
<test id="s1-t1" name="Cenario: Contando de 0 a 9">
<for flavor="IN RANGE">
<var>${COUNT}</var>
<value>0</value>
<value>9</value>
<iter>
<var name="${COUNT}">0</var>
<kw name="Log To Console" library="BuiltIn">
<arg>${COUNT}</arg>
<doc>Logs the given message to the console.</doc>
<status status="PASS" starttime="20211020 19:15:39.238" endtime="20211020 19:15:39.240"/>
</kw>
<status status="PASS" starttime="20211020 19:15:39.238" endtime="20211020 19:15:39.240"/>
</iter>
<iter>
<var name="${COUNT}">1</var>
<kw name="Log To Console" library="BuiltIn">
<arg>${COUNT}</arg>
<doc>Logs the given message to the console.</doc>
<status status="PASS" starttime="20211020 19:15:39.241" endtime="20211020 19:15:39.242"/>
</kw>
<status status="PASS" starttime="20211020 19:15:39.241" endtime="20211020 19:15:39.242"/>
</iter>
<iter>
<var name="${COUNT}">2</var>
<kw name="Log To Console" library="BuiltIn">
<arg>${COUNT}</arg>
<doc>Logs the given message to the console.</doc>
<status status="PASS" starttime="20211020 19:15:39.243" endtime="20211020 19:15:39.244"/>
</kw>
<status status="PASS" starttime="20211020 19:15:39.242" endtime="20211020 19:15:39.244"/>
</iter>
<iter>
<var name="${COUNT}">3</var>
<kw name="Log To Console" library="BuiltIn">
<arg>${COUNT}</arg>
<doc>Logs the given message to the console.</doc>
<status status="PASS" starttime="20211020 19:15:39.245" endtime="20211020 19:15:39.246"/>
</kw>
<status status="PASS" starttime="20211020 19:15:39.244" endtime="20211020 19:15:39.246"/>
</iter>
<iter>
<var name="${COUNT}">4</var>
<kw name="Log To Console" library="BuiltIn">
<arg>${COUNT}</arg>
<doc>Logs the given message to the console.</doc>
<status status="PASS" starttime="20211020 19:15:39.247" endtime="20211020 19:15:39.248"/>
</kw>
<status status="PASS" starttime="20211020 19:15:39.247" endtime="20211020 19:15:39.248"/>
</iter>
<iter>
<var name="${COUNT}">5</var>
<kw name="Log To Console" library="BuiltIn">
<arg>${COUNT}</arg>
<doc>Logs the given message to the console.</doc>
<status status="PASS" starttime="20211020 19:15:39.249" endtime="20211020 19:15:39.251"/>
</kw>
<status status="PASS" starttime="20211020 19:15:39.249" endtime="20211020 19:15:39.251"/>
</iter>
<iter>
<var name="${COUNT}">6</var>
<kw name="Log To Console" library="BuiltIn">
<arg>${COUNT}</arg>
<doc>Logs the given message to the console.</doc>
<status status="PASS" starttime="20211020 19:15:39.252" endtime="20211020 19:15:39.254"/>
</kw>
<status status="PASS" starttime="20211020 19:15:39.252" endtime="20211020 19:15:39.254"/>
</iter>
<iter>
<var name="${COUNT}">7</var>
<kw name="Log To Console" library="BuiltIn">
<arg>${COUNT}</arg>
<doc>Logs the given message to the console.</doc>
<status status="PASS" starttime="20211020 19:15:39.254" endtime="20211020 19:15:39.256"/>
</kw>
<status status="PASS" starttime="20211020 19:15:39.254" endtime="20211020 19:15:39.256"/>
</iter>
<iter>
<var name="${COUNT}">8</var>
<kw name="Log To Console" library="BuiltIn">
<arg>${COUNT}</arg>
<doc>Logs the given message to the console.</doc>
<status status="PASS" starttime="20211020 19:15:39.257" endtime="20211020 19:15:39.258"/>
</kw>
<status status="PASS" starttime="20211020 19:15:39.257" endtime="20211020 19:15:39.258"/>
</iter>
<status status="PASS" starttime="20211020 19:15:39.237" endtime="20211020 19:15:39.258"/>
</for>
<kw name="IN">
<arg>@{LIST}</arg>
<msg timestamp="20211020 19:15:39.264" level="FAIL">No keyword with name 'IN' found.</msg>
<status status="FAIL" starttime="20211020 19:15:39.264" endtime="20211020 19:15:39.264"/>
</kw>
<kw name="Log" library="BuiltIn">
<arg>${COUNT}</arg>
<doc>Logs the given message with the given level.</doc>
<status status="NOT RUN" starttime="20211020 19:15:39.265" endtime="20211020 19:15:39.265"/>
</kw>
<tag>CONTAR</tag>
<status status="FAIL" starttime="20211020 19:15:39.236" endtime="20211020 19:15:39.266">No keyword with name 'IN' found.</status>
</test>
<doc>Neste arquivo estarão presentes todos os exercicios de automação do curso da Prime</doc>
<status status="FAIL" starttime="20211020 19:15:39.139" endtime="20211020 19:15:39.270"/>
</suite>
<statistics>
<total>
<stat pass="0" fail="1" skip="0">All Tests</stat>
</total>
<tag>
<stat pass="0" fail="1" skip="0">CONTAR</stat>
</tag>
<suite>
<stat pass="0" fail="1" skip="0" id="s1" name="Exercicios">Exercicios</stat>
</suite>
</statistics>
<errors>
</errors>
</robot>
